<?xml version="1.0" encoding="UTF-8"?>
<!-- Generated by org.testng.reporters.JUnitReportReporter -->
<testsuite hostname="DESKTOP-GE45KKD" failures="0" tests="20" name="com.crm.qa.testcases.LoadTest" time="45.349" errors="0" timestamp="07 Mar 2021 14:19:29 GMT" skipped="0">
  <testcase classname="com.crm.qa.testcases.LoadTest" name="loginPageTitleTest" time="1.489"/>
  <testcase classname="com.crm.qa.testcases.LoadTest" name="loginPageTitleTest" time="3.305"/>
  <testcase classname="com.crm.qa.testcases.LoadTest" name="loginPageTitleTest" time="2.408"/>
  <testcase classname="com.crm.qa.testcases.LoadTest" name="loginPageTitleTest" time="1.810"/>
  <testcase classname="com.crm.qa.testcases.LoadTest" name="loginPageTitleTest" time="1.418"/>
  <testcase classname="com.crm.qa.testcases.LoadTest" name="loginPageTitleTest" time="3.197"/>
  <testcase classname="com.crm.qa.testcases.LoadTest" name="loginPageTitleTest" time="1.456"/>
  <testcase classname="com.crm.qa.testcases.LoadTest" name="loginPageTitleTest" time="2.011"/>
  <testcase classname="com.crm.qa.testcases.LoadTest" name="loginPageTitleTest" time="2.092"/>
  <testcase classname="com.crm.qa.testcases.LoadTest" name="loginPageTitleTest" time="1.420"/>
  <testcase classname="com.crm.qa.testcases.LoadTest" name="loginPageTitleTest" time="1.420"/>
  <testcase classname="com.crm.qa.testcases.LoadTest" name="loginPageTitleTest" time="2.300"/>
  <testcase classname="com.crm.qa.testcases.LoadTest" name="loginPageTitleTest" time="3.149"/>
  <testcase classname="com.crm.qa.testcases.LoadTest" name="loginPageTitleTest" time="3.413"/>
  <testcase classname="com.crm.qa.testcases.LoadTest" name="loginPageTitleTest" time="2.117"/>
  <testcase classname="com.crm.qa.testcases.LoadTest" name="loginPageTitleTest" time="2.368"/>
  <testcase classname="com.crm.qa.testcases.LoadTest" name="loginPageTitleTest" time="2.651"/>
  <testcase classname="com.crm.qa.testcases.LoadTest" name="loginPageTitleTest" time="1.539"/>
  <testcase classname="com.crm.qa.testcases.LoadTest" name="loginPageTitleTest" time="2.443"/>
  <testcase classname="com.crm.qa.testcases.LoadTest" name="loginPageTitleTest" time="3.343"/>
</testsuite> <!-- com.crm.qa.testcases.LoadTest -->
